2021-10-05 21:24:46.719 | ERROR    | mixins:log_error:25 - An error occurred - NameError("name 'gihf' is not defined")
2021-10-05 21:24:59.448 | ERROR    | mixins:log_error:25 - An error occurred - AttributeError("'NoneType' object has no attribute 'hello'")
2021-10-05 21:26:11.820 | ERROR    | mixins:log_error:25 - An error occurred - TypeError("unsupported operand type(s) for -: 'int' and 'str'")
2021-10-05 21:27:47.550 | ERROR    | mixins:log_error:26 - An error occurred - TypeError("unsupported operand type(s) for -: 'int' and 'str'")
2021-10-05 21:28:06.929 | ERROR    | mixins:log_error:26 - An error occurred - TypeError("unsupported operand type(s) for -: 'int' and 'str'")
2021-10-05 21:29:51.090 | ERROR    | mixins:log_error:26 - An error occurred - TypeError("unsupported operand type(s) for -: 'int' and 'str'")
2021-10-05 21:30:09.286 | ERROR    | mixins:log_error:26 - An error occurred - AttributeError("'WSGIRequest' object has no attribute 'url'")
2021-10-05 21:30:40.929 | ERROR    | mixins:log_error:26 - An error occurred - TypeError("unsupported operand type(s) for -: 'int' and 'str'")
2021-10-05 21:31:41.414 | ERROR    | mixins:log_error:27 - An error occurred - TypeError("unsupported operand type(s) for -: 'int' and 'str'")
2021-10-05 21:34:29.258 | ERROR    | mixins:log_error:27 - An error TypeError("unsupported operand type(s) for -: 'int' and 'str'") occurred when accessing the page 'GET /search/?q=g'
2021-10-05 21:35:20.590 | ERROR    | mixins:log_error:25 - An error TypeError("unsupported operand type(s) for -: 'int' and 'str'") occurred when accessing the page 'GET /'
2021-10-05 21:39:21.525 | ERROR    | mixins:log_error:25 - An error NameError("name 'gfdhgfghf' is not defined") occurred when accessing the page 'GET /about/'
2021-10-05 21:39:49.721 | ERROR    | mixins:log_error:25 - An error NameError("name 'ghhy' is not defined") occurred when accessing the page 'POST /contact/'
2021-10-05 21:42:38.235 | ERROR    | mixins:log_error:25 - An error Http404('User "placeholder.js" does not exist.') occurred when accessing the page 'GET /account/profile/placeholder.js'
2021-10-05 21:42:38.619 | ERROR    | mixins:log_error:25 - An error Http404('User "placeholder.js" does not exist.') occurred when accessing the page 'GET /account/profile/placeholder.js'
2021-10-05 21:42:53.859 | ERROR    | mixins:log_error:25 - An error NameError("name 'gf' is not defined") occurred when accessing the page 'GET /account/profile/admin'
2021-10-05 21:43:51.259 | ERROR    | mixins:log_error:25 - An error Http404('User "placeholder.js" does not exist.') occurred when accessing the page 'GET /account/profile/placeholder.js'
2021-10-05 21:43:51.543 | ERROR    | mixins:log_error:25 - An error Http404('User "placeholder.js" does not exist.') occurred when accessing the page 'GET /account/profile/placeholder.js'
2021-10-05 21:43:51.741 | INFO     | accounts.views:add_logout_msg:127 - User 'admin' logged out
2021-10-05 21:43:51.889 | ERROR    | mixins:log_error:25 - An error NameError("name 'gf' is not defined") occurred when accessing the page 'GET /account/login/'
2021-10-05 21:44:23.225 | ERROR    | mixins:log_error:25 - An error NameError("name 'gf' is not defined") occurred when accessing the page 'POST /account/login/'
2021-10-05 21:44:30.895 | INFO     | accounts.views:form_valid:58 - User 'admin' logged in
2021-10-05 21:44:33.206 | ERROR    | mixins:log_error:25 - An error Http404('User "placeholder.js" does not exist.') occurred when accessing the page 'GET /account/profile/placeholder.js'
2021-10-05 21:44:33.532 | ERROR    | mixins:log_error:25 - An error Http404('User "placeholder.js" does not exist.') occurred when accessing the page 'GET /account/profile/placeholder.js'
2021-10-07 01:09:56.698 | ERROR    | mixins:log_error:25 - An error Http404('User "placeholder.js" does not exist.') occurred when accessing the page 'GET /account/profile/placeholder.js'
2021-10-07 01:09:56.969 | ERROR    | mixins:log_error:25 - An error Http404('User "placeholder.js" does not exist.') occurred when accessing the page 'GET /account/profile/placeholder.js'
2021-10-07 01:36:11.740 | INFO     | ajax.views:turn_off_marker:105 - User 'admin' turned off like under the video 'Interesting videvo'
2021-10-07 01:36:13.173 | INFO     | ajax.views:turn_on_marker:86 - User 'admin' disliked video 'Interesting videvo'
2021-10-07 01:36:14.255 | INFO     | ajax.views:turn_on_marker:84 - User 'admin' liked video 'Interesting videvo'
2021-10-07 01:36:41.051 | ERROR    | mixins:wrapper:46 - An error NameError("name 'hfghfg' is not defined") occurred in function view when accessing the page 'POST /ajax/turn_on_marker/'
2021-10-07 01:38:21.907 | ERROR    | mixins:wrapper:46 - An error TypeError("unsupported operand type(s) for -: 'int' and 'str'") occurred in function view when accessing the page 'POST /ajax/add_comment/'
2021-10-07 01:38:42.633 | INFO     | ajax.views:turn_off_marker:107 - User 'admin' turned off like under the video 'Interesting videvo'
2021-10-07 01:39:01.697 | ERROR    | mixins:dispatch:26 - An error Http404('User "placeholder.js" does not exist.') occurred in generic view when accessing the page 'GET /account/profile/placeholder.js'
2021-10-07 01:39:01.947 | ERROR    | mixins:dispatch:26 - An error Http404('User "placeholder.js" does not exist.') occurred in generic view when accessing the page 'GET /account/profile/placeholder.js'
2021-10-07 01:39:05.596 | ERROR    | mixins:wrapper:46 - An error TypeError("unsupported operand type(s) for -: 'int' and 'str'") occurred in function view when accessing the page 'POST /ajax/change_avatar/'
2021-10-07 01:39:11.236 | ERROR    | mixins:dispatch:26 - An error Http404('User "placeholder.js" does not exist.') occurred in generic view when accessing the page 'GET /account/profile/placeholder.js'
2021-10-07 01:39:11.611 | ERROR    | mixins:dispatch:26 - An error Http404('User "placeholder.js" does not exist.') occurred in generic view when accessing the page 'GET /account/profile/placeholder.js'
2021-10-07 01:44:30.387 | ERROR    | mixins:wrapper:36 - An error TypeError("unsupported operand type(s) for -: 'int' and 'str'") occurred in function view when accessing the page 'POST /ajax/tags_by_theme/'
2021-10-07 01:44:32.158 | ERROR    | mixins:wrapper:36 - An error TypeError("unsupported operand type(s) for -: 'int' and 'str'") occurred in function view when accessing the page 'POST /ajax/tags_by_theme/'
2021-10-07 01:51:55.985 | ERROR    | mixins:dispatch:20 - An error Http404('User "placeholder.js" does not exist.') occurred in generic view when accessing the page 'GET /account/profile/placeholder.js'
2021-10-07 01:51:56.277 | ERROR    | mixins:dispatch:20 - An error Http404('User "placeholder.js" does not exist.') occurred in generic view when accessing the page 'GET /account/profile/placeholder.js'
2021-10-07 01:53:22.395 | ERROR    | mixins:dispatch:52 - An error TypeError("unsupported operand type(s) for -: 'int' and 'str'") occurred in login-required generic view when accessing the page 'GET /add_video/'
2021-10-07 01:54:44.185 | INFO     | videos.views:form_valid:252 - New instance <Video 'hfghfg'> created (not saved yet)
2021-10-07 01:54:44.256 | SUCCESS  | videos.views:form_valid:260 - Instance <Video 'hfghfg'> saved successfully
2021-10-07 01:54:44.258 | ERROR    | mixins:dispatch:52 - An error TypeError("unsupported operand type(s) for -: 'int' and 'str'") occurred in login-required generic view when accessing the page 'POST /add_video/'
2021-10-07 01:55:02.311 | INFO     | videos.views:form_valid:252 - New instance <Video 'hfghfg'> created (not saved yet)
2021-10-07 01:55:02.412 | SUCCESS  | videos.views:form_valid:266 - Instance <Video 'hfghfg'> saved successfully after correcting duplicated slug
2021-10-07 01:55:02.413 | ERROR    | mixins:dispatch:52 - An error TypeError("unsupported operand type(s) for -: 'int' and 'str'") occurred in login-required generic view when accessing the page 'POST /add_video/'
2021-10-07 01:55:08.938 | ERROR    | mixins:dispatch:20 - An error Http404('User "placeholder.js" does not exist.') occurred in generic view when accessing the page 'GET /account/profile/placeholder.js'
2021-10-07 01:55:09.312 | ERROR    | mixins:dispatch:20 - An error Http404('User "placeholder.js" does not exist.') occurred in generic view when accessing the page 'GET /account/profile/placeholder.js'
2021-10-07 01:56:03.778 | ERROR    | mixins:dispatch:20 - An error Http404('User "placeholder.js" does not exist.') occurred in generic view when accessing the page 'GET /account/profile/placeholder.js'
2021-10-07 01:56:04.020 | ERROR    | mixins:dispatch:20 - An error Http404('User "placeholder.js" does not exist.') occurred in generic view when accessing the page 'GET /account/profile/placeholder.js'
2021-10-07 01:56:21.491 | ERROR    | mixins:dispatch:20 - An error Http404('User "placeholder.js" does not exist.') occurred in generic view when accessing the page 'GET /account/profile/placeholder.js'
2021-10-07 01:56:21.792 | ERROR    | mixins:dispatch:20 - An error Http404('User "placeholder.js" does not exist.') occurred in generic view when accessing the page 'GET /account/profile/placeholder.js'
2021-10-07 01:56:29.769 | ERROR    | mixins:dispatch:20 - An error Http404('User "placeholder.js" does not exist.') occurred in generic view when accessing the page 'GET /account/profile/placeholder.js'
2021-10-07 01:56:30.528 | ERROR    | mixins:dispatch:20 - An error Http404('User "placeholder.js" does not exist.') occurred in generic view when accessing the page 'GET /account/profile/placeholder.js'
2021-10-07 01:58:13.550 | ERROR    | mixins:dispatch:20 - An error Http404('User "placeholder.js" does not exist.') occurred in generic view when accessing the page 'GET /account/profile/placeholder.js'
2021-10-07 01:58:13.831 | ERROR    | mixins:dispatch:20 - An error Http404('User "placeholder.js" does not exist.') occurred in generic view when accessing the page 'GET /account/profile/placeholder.js'
2021-10-07 01:58:55.525 | ERROR    | mixins:dispatch:52 - An error TypeError("unsupported operand type(s) for -: 'int' and 'str'") occurred in login-required generic view when accessing the page 'GET /account/password_change/'
2021-10-07 01:59:05.718 | ERROR    | mixins:dispatch:20 - An error Http404('User "placeholder.js" does not exist.') occurred in generic view when accessing the page 'GET /account/profile/placeholder.js'
2021-10-07 01:59:06.068 | ERROR    | mixins:dispatch:20 - An error Http404('User "placeholder.js" does not exist.') occurred in generic view when accessing the page 'GET /account/profile/placeholder.js'
2021-10-07 14:30:16.353 | ERROR    | mixins:dispatch:20 - An error Http404('User "placeholder.js" does not exist.') occurred in generic view when accessing the page 'GET /account/profile/placeholder.js'
2021-10-07 14:30:16.615 | ERROR    | mixins:dispatch:20 - An error Http404('User "placeholder.js" does not exist.') occurred in generic view when accessing the page 'GET /account/profile/placeholder.js'
2021-10-07 14:32:09.309 | SUCCESS  | videos.views:form_valid:363 - Contact message by user 'kiryanov_vova_134@mail.ru' sent successfully
2021-10-07 23:12:38.484 | SUCCESS  | videos.views:form_valid:363 - Contact message by user 'kiryanov_vova_134@mail.ru' sent successfully
2021-10-07 23:22:31.624 | ERROR    | mixins:dispatch:20 - An error Http404('User "placeholder.js" does not exist.') occurred in generic view when accessing the page 'GET /account/profile/placeholder.js'
2021-10-07 23:36:54.322 | SUCCESS  | videos.views:form_valid:363 - Contact message by user 'kiryanov_vova_134@mail.ru' sent successfully
2021-10-07 23:52:08.307 | SUCCESS  | videos.views:form_valid:363 - Contact message by user 'kiryanov_vova_134@mail.ru' sent successfully
2021-10-07 23:56:26.051 | ERROR    | mixins:dispatch:20 - An error Http404('User "placeholder.js" does not exist.') occurred in generic view when accessing the page 'GET /account/profile/placeholder.js'
2021-10-07 23:56:26.338 | ERROR    | mixins:dispatch:20 - An error Http404('User "placeholder.js" does not exist.') occurred in generic view when accessing the page 'GET /account/profile/placeholder.js'
2021-10-08 22:38:59.229 | INFO     | ajax.views:add_comment:293 - User 'admin' left comment under the video 'Interesting videvo'
2021-10-08 22:42:06.786 | INFO     | ajax.views:add_comment:293 - User 'admin' left comment under the video 'Interesting videvo'
2021-10-08 22:42:24.943 | INFO     | ajax.views:add_comment:293 - User 'admin' left comment under the video 'Interesting videvo'
2021-10-08 22:42:41.453 | INFO     | ajax.views:add_comment:293 - User 'admin' left comment under the video 'Interesting videvo'
2021-10-08 22:45:10.374 | INFO     | ajax.views:add_comment:293 - User 'admin' left comment under the video 'Interesting videvo'
2021-10-08 22:46:25.505 | INFO     | ajax.views:add_comment:293 - User 'admin' left comment under the video 'Interesting videvo'
2021-10-08 22:46:38.814 | INFO     | ajax.views:add_comment:293 - User 'admin' left comment under the video 'Interesting videvo'
2021-10-08 22:46:59.172 | ERROR    | mixins:dispatch:20 - An error Http404('User "placeholder.js" does not exist.') occurred in generic view when accessing the page 'GET /account/profile/placeholder.js'
2021-10-08 22:46:59.445 | ERROR    | mixins:dispatch:20 - An error Http404('User "placeholder.js" does not exist.') occurred in generic view when accessing the page 'GET /account/profile/placeholder.js'
2021-10-08 22:47:06.733 | ERROR    | mixins:dispatch:20 - An error Http404('User "placeholder.js" does not exist.') occurred in generic view when accessing the page 'GET /account/profile/placeholder.js'
2021-10-08 22:47:07.026 | ERROR    | mixins:dispatch:20 - An error Http404('User "placeholder.js" does not exist.') occurred in generic view when accessing the page 'GET /account/profile/placeholder.js'
2021-10-08 23:08:51.870 | ERROR    | mixins:dispatch:20 - An error Http404('User "placeholder.js" does not exist.') occurred in generic view when accessing the page 'GET /account/profile/placeholder.js'
2021-10-08 23:08:52.143 | ERROR    | mixins:dispatch:20 - An error Http404('User "placeholder.js" does not exist.') occurred in generic view when accessing the page 'GET /account/profile/placeholder.js'
2021-10-08 23:08:53.168 | INFO     | accounts.views:add_logout_msg:126 - User 'admin' logged out
2021-10-08 23:08:56.377 | INFO     | accounts.views:save_social_authed_user:84 - User 'Sharker' logged in through google-oauth2
2021-10-08 23:09:03.424 | ERROR    | mixins:dispatch:20 - An error Http404('User "placeholder.js" does not exist.') occurred in generic view when accessing the page 'GET /account/profile/placeholder.js'
2021-10-08 23:09:03.785 | ERROR    | mixins:dispatch:20 - An error Http404('User "placeholder.js" does not exist.') occurred in generic view when accessing the page 'GET /account/profile/placeholder.js'
2021-10-08 23:09:43.687 | INFO     | videos.views:form_valid:251 - New instance <Video 'hgfhfghfgd'> created (not saved yet)
2021-10-08 23:09:43.767 | SUCCESS  | videos.views:form_valid:259 - Instance <Video 'hgfhfghfgd'> saved successfully
2021-10-08 23:09:43.845 | SUCCESS  | videos.views:form_valid:268 - M2M fields for <Video 'hgfhfghfgd'> saved
2021-10-08 23:18:10.299 | ERROR    | mixins:dispatch:20 - An error Http404('User "placeholder.js" does not exist.') occurred in generic view when accessing the page 'GET /account/profile/placeholder.js'
2021-10-08 23:18:11.122 | ERROR    | mixins:dispatch:20 - An error Http404('User "placeholder.js" does not exist.') occurred in generic view when accessing the page 'GET /account/profile/placeholder.js'
2021-10-08 23:18:11.553 | INFO     | accounts.views:add_logout_msg:126 - User 'Sharker' logged out
2021-10-08 23:18:15.857 | INFO     | accounts.views:form_valid:58 - User 'admin' logged in
2021-10-08 23:18:18.905 | ERROR    | mixins:dispatch:20 - An error Http404('User "placeholder.js" does not exist.') occurred in generic view when accessing the page 'GET /account/profile/placeholder.js'
2021-10-08 23:18:19.180 | ERROR    | mixins:dispatch:20 - An error Http404('User "placeholder.js" does not exist.') occurred in generic view when accessing the page 'GET /account/profile/placeholder.js'
2021-10-08 23:22:16.215 | ERROR    | mixins:dispatch:20 - An error Http404('User "placeholder.js" does not exist.') occurred in generic view when accessing the page 'GET /account/profile/placeholder.js'
2021-10-08 23:22:16.411 | INFO     | accounts.views:add_logout_msg:126 - User 'admin' logged out
2021-10-08 23:22:16.487 | ERROR    | mixins:dispatch:20 - An error Http404('User "placeholder.js" does not exist.') occurred in generic view when accessing the page 'GET /account/profile/placeholder.js'
2021-10-08 23:22:19.182 | INFO     | accounts.views:save_social_authed_user:84 - User 'Sharker' logged in through google-oauth2
2021-10-08 23:22:36.933 | ERROR    | mixins:dispatch:20 - An error Http404('User "placeholder.js" does not exist.') occurred in generic view when accessing the page 'GET /account/profile/placeholder.js'
2021-10-08 23:22:37.211 | ERROR    | mixins:dispatch:20 - An error Http404('User "placeholder.js" does not exist.') occurred in generic view when accessing the page 'GET /account/profile/placeholder.js'
2021-10-08 23:22:38.605 | INFO     | accounts.views:add_logout_msg:126 - User 'Sharker' logged out
2021-10-08 23:22:42.252 | INFO     | accounts.views:form_valid:58 - User 'admin' logged in
2021-10-08 23:22:45.932 | ERROR    | mixins:dispatch:20 - An error Http404('User "placeholder.js" does not exist.') occurred in generic view when accessing the page 'GET /account/profile/placeholder.js'
2021-10-08 23:22:46.202 | ERROR    | mixins:dispatch:20 - An error Http404('User "placeholder.js" does not exist.') occurred in generic view when accessing the page 'GET /account/profile/placeholder.js'
2021-10-08 23:23:29.890 | ERROR    | mixins:dispatch:20 - An error Http404('User "placeholder.js" does not exist.') occurred in generic view when accessing the page 'GET /account/profile/placeholder.js'
2021-10-08 23:23:30.180 | ERROR    | mixins:dispatch:20 - An error Http404('User "placeholder.js" does not exist.') occurred in generic view when accessing the page 'GET /account/profile/placeholder.js'
2021-10-08 23:23:42.279 | ERROR    | mixins:dispatch:20 - An error Http404('User "placeholder.js" does not exist.') occurred in generic view when accessing the page 'GET /account/profile/placeholder.js'
2021-10-08 23:23:42.505 | INFO     | accounts.views:add_logout_msg:126 - User 'admin' logged out
2021-10-08 23:23:42.541 | ERROR    | mixins:dispatch:20 - An error Http404('User "placeholder.js" does not exist.') occurred in generic view when accessing the page 'GET /account/profile/placeholder.js'
2021-10-08 23:23:44.862 | INFO     | accounts.views:save_social_authed_user:84 - User 'Sharker' logged in through google-oauth2
2021-10-08 23:26:06.814 | ERROR    | mixins:dispatch:20 - An error Http404('User "placeholder.js" does not exist.') occurred in generic view when accessing the page 'GET /account/profile/placeholder.js'
2021-10-08 23:26:07.141 | ERROR    | mixins:dispatch:20 - An error Http404('User "placeholder.js" does not exist.') occurred in generic view when accessing the page 'GET /account/profile/placeholder.js'
2021-10-08 23:26:07.853 | INFO     | accounts.views:add_logout_msg:126 - User 'Sharker' logged out
2021-10-08 23:26:09.500 | INFO     | accounts.views:form_valid:58 - User 'admin' logged in
2021-10-08 23:26:12.630 | ERROR    | mixins:dispatch:20 - An error Http404('User "placeholder.js" does not exist.') occurred in generic view when accessing the page 'GET /account/profile/placeholder.js'
2021-10-08 23:26:12.972 | ERROR    | mixins:dispatch:20 - An error Http404('User "placeholder.js" does not exist.') occurred in generic view when accessing the page 'GET /account/profile/placeholder.js'
2021-10-08 23:26:39.840 | ERROR    | mixins:dispatch:20 - An error Http404('User "placeholder.js" does not exist.') occurred in generic view when accessing the page 'GET /account/profile/placeholder.js'
2021-10-08 23:26:40.137 | ERROR    | mixins:dispatch:20 - An error Http404('User "placeholder.js" does not exist.') occurred in generic view when accessing the page 'GET /account/profile/placeholder.js'
2021-10-08 23:28:17.746 | INFO     | ajax.views:unsubscribe:194 - User 'admin' unsubscribed from channel 'admin'
2021-10-08 23:28:18.933 | INFO     | ajax.views:subscribe:159 - User 'admin' subscribed to channel 'admin'
2021-10-08 23:29:11.906 | ERROR    | mixins:dispatch:20 - An error Http404('User "placeholder.js" does not exist.') occurred in generic view when accessing the page 'GET /account/profile/placeholder.js'
2021-10-08 23:29:12.462 | INFO     | accounts.views:add_logout_msg:126 - User 'admin' logged out
2021-10-08 23:29:12.501 | ERROR    | mixins:dispatch:20 - An error Http404('User "placeholder.js" does not exist.') occurred in generic view when accessing the page 'GET /account/profile/placeholder.js'
2021-10-08 23:29:16.071 | INFO     | accounts.views:save_social_authed_user:84 - User 'Sharker' logged in through google-oauth2
2021-10-08 23:29:59.314 | ERROR    | mixins:dispatch:20 - An error Http404('User "placeholder.js" does not exist.') occurred in generic view when accessing the page 'GET /account/profile/placeholder.js'
2021-10-08 23:29:59.592 | ERROR    | mixins:dispatch:20 - An error Http404('User "placeholder.js" does not exist.') occurred in generic view when accessing the page 'GET /account/profile/placeholder.js'
2021-10-08 23:29:59.893 | INFO     | accounts.views:add_logout_msg:126 - User 'Sharker' logged out
2021-10-08 23:30:01.974 | INFO     | accounts.views:form_valid:58 - User 'admin' logged in
2021-10-08 23:30:05.068 | ERROR    | mixins:dispatch:20 - An error Http404('User "placeholder.js" does not exist.') occurred in generic view when accessing the page 'GET /account/profile/placeholder.js'
2021-10-08 23:30:05.328 | ERROR    | mixins:dispatch:20 - An error Http404('User "placeholder.js" does not exist.') occurred in generic view when accessing the page 'GET /account/profile/placeholder.js'
2021-10-08 23:30:16.277 | ERROR    | mixins:dispatch:20 - An error Http404('User "placeholder.js" does not exist.') occurred in generic view when accessing the page 'GET /account/profile/placeholder.js'
2021-10-08 23:30:16.600 | ERROR    | mixins:dispatch:20 - An error Http404('User "placeholder.js" does not exist.') occurred in generic view when accessing the page 'GET /account/profile/placeholder.js'
2021-10-08 23:30:23.476 | ERROR    | mixins:dispatch:20 - An error Http404('User "placeholder.js" does not exist.') occurred in generic view when accessing the page 'GET /account/profile/placeholder.js'
2021-10-08 23:30:23.754 | ERROR    | mixins:dispatch:20 - An error Http404('User "placeholder.js" does not exist.') occurred in generic view when accessing the page 'GET /account/profile/placeholder.js'
2021-10-08 23:30:35.841 | ERROR    | mixins:dispatch:20 - An error Http404('User "placeholder.js" does not exist.') occurred in generic view when accessing the page 'GET /account/profile/placeholder.js'
2021-10-08 23:30:36.109 | ERROR    | mixins:dispatch:20 - An error Http404('User "placeholder.js" does not exist.') occurred in generic view when accessing the page 'GET /account/profile/placeholder.js'
2021-10-08 23:56:49.923 | ERROR    | mixins:dispatch:20 - An error Http404('User "placeholder.js" does not exist.') occurred in generic view when accessing the page 'GET /account/profile/placeholder.js'
2021-10-08 23:56:50.492 | ERROR    | mixins:dispatch:20 - An error Http404('User "placeholder.js" does not exist.') occurred in generic view when accessing the page 'GET /account/profile/placeholder.js'
2021-10-08 23:56:51.949 | INFO     | accounts.views:add_logout_msg:126 - User 'admin' logged out
2021-10-08 23:57:44.779 | INFO     | accounts.views:save_social_authed_user:84 - User 'Sharker' logged in through google-oauth2
2021-10-09 00:01:30.677 | ERROR    | mixins:dispatch:52 - An error DoesNotExist('YoutubeVideo matching query does not exist.') occurred in login-required generic view when accessing the page 'GET /delete_youtube_video/skoree-vsego-eto-video-dlia-novichkov/'
2021-10-09 00:03:34.195 | ERROR    | mixins:dispatch:52 - An error Http404('No YoutubeVideo matches the given query.') occurred in login-required generic view when accessing the page 'GET /delete_youtube_video/skoree-vsego-eto-video-dlia-novichkov/'
2021-10-09 00:09:23.035 | ERROR    | mixins:dispatch:52 - An error AttributeError("'YoutubeVideo' object has no attribute 'values'") occurred in login-required generic view when accessing the page 'GET /delete_youtube_video/skoree-vsego-eto-video-dlia-novichkov/'
2021-10-09 00:09:33.432 | ERROR    | mixins:dispatch:20 - An error Http404('User "placeholder.js" does not exist.') occurred in generic view when accessing the page 'GET /account/profile/placeholder.js'
2021-10-09 00:09:34.037 | ERROR    | mixins:dispatch:20 - An error Http404('User "placeholder.js" does not exist.') occurred in generic view when accessing the page 'GET /account/profile/placeholder.js'
2021-10-09 00:09:36.375 | INFO     | accounts.views:add_logout_msg:126 - User 'Sharker' logged out
2021-10-09 00:09:37.962 | INFO     | accounts.views:form_valid:58 - User 'admin' logged in
2021-10-09 00:09:41.493 | ERROR    | mixins:dispatch:20 - An error Http404('User "placeholder.js" does not exist.') occurred in generic view when accessing the page 'GET /account/profile/placeholder.js'
2021-10-09 00:09:41.764 | ERROR    | mixins:dispatch:20 - An error Http404('User "placeholder.js" does not exist.') occurred in generic view when accessing the page 'GET /account/profile/placeholder.js'
2021-10-09 00:09:48.960 | ERROR    | mixins:dispatch:52 - An error AttributeError("'YoutubeVideo' object has no attribute 'values'") occurred in login-required generic view when accessing the page 'GET /delete_youtube_video/skoree-vsego-eto-video-dlia-novichkov/'
2021-10-09 00:11:35.334 | ERROR    | mixins:dispatch:52 - An error AttributeError("'YoutubeVideo' object has no attribute 'values_list'") occurred in login-required generic view when accessing the page 'GET /delete_youtube_video/skoree-vsego-eto-video-dlia-novichkov/'
2021-10-09 00:12:40.802 | ERROR    | mixins:dispatch:20 - An error Http404('User "placeholder.js" does not exist.') occurred in generic view when accessing the page 'GET /account/profile/placeholder.js'
2021-10-09 00:12:41.097 | ERROR    | mixins:dispatch:20 - An error Http404('User "placeholder.js" does not exist.') occurred in generic view when accessing the page 'GET /account/profile/placeholder.js'
2021-10-09 00:12:41.329 | INFO     | accounts.views:add_logout_msg:126 - User 'admin' logged out
2021-10-09 00:12:46.363 | INFO     | accounts.views:form_valid:58 - User 'admin' logged in
2021-10-09 00:12:49.365 | ERROR    | mixins:dispatch:20 - An error Http404('User "placeholder.js" does not exist.') occurred in generic view when accessing the page 'GET /account/profile/placeholder.js'
2021-10-09 00:12:49.629 | ERROR    | mixins:dispatch:20 - An error Http404('User "placeholder.js" does not exist.') occurred in generic view when accessing the page 'GET /account/profile/placeholder.js'
2021-10-09 00:13:01.074 | ERROR    | mixins:dispatch:20 - An error Http404('User "placeholder.js" does not exist.') occurred in generic view when accessing the page 'GET /account/profile/placeholder.js'
2021-10-09 00:13:01.443 | ERROR    | mixins:dispatch:20 - An error Http404('User "placeholder.js" does not exist.') occurred in generic view when accessing the page 'GET /account/profile/placeholder.js'
2021-10-09 00:13:15.957 | ERROR    | mixins:dispatch:20 - An error Http404('User "placeholder.js" does not exist.') occurred in generic view when accessing the page 'GET /account/profile/placeholder.js'
2021-10-09 00:13:16.230 | ERROR    | mixins:dispatch:20 - An error Http404('User "placeholder.js" does not exist.') occurred in generic view when accessing the page 'GET /account/profile/placeholder.js'
2021-10-09 00:13:19.065 | INFO     | accounts.views:add_logout_msg:126 - User 'admin' logged out
2021-10-09 00:13:21.733 | INFO     | accounts.views:save_social_authed_user:84 - User 'Sharker' logged in through google-oauth2
2021-10-09 00:14:03.892 | ERROR    | mixins:dispatch:52 - An error DoesNotExist('Video matching query does not exist.') occurred in login-required generic view when accessing the page 'GET /delete_video/skoree-vsego-eto-video-dlia-novichkov/'
2021-10-09 00:15:03.989 | ERROR    | mixins:dispatch:20 - An error Http404('User "placeholder.js" does not exist.') occurred in generic view when accessing the page 'GET /account/profile/placeholder.js'
2021-10-09 00:15:04.255 | ERROR    | mixins:dispatch:20 - An error Http404('User "placeholder.js" does not exist.') occurred in generic view when accessing the page 'GET /account/profile/placeholder.js'
2021-10-09 17:00:32.568 | ERROR    | mixins:dispatch:20 - An error Http404('User "placeholder.js" does not exist.') occurred in generic view when accessing the page 'GET /account/profile/placeholder.js'
2021-10-09 17:00:32.836 | ERROR    | mixins:dispatch:20 - An error Http404('User "placeholder.js" does not exist.') occurred in generic view when accessing the page 'GET /account/profile/placeholder.js'
2021-10-09 17:00:33.563 | INFO     | accounts.views:add_logout_msg:126 - User 'Sharker' logged out
2021-10-09 17:00:35.411 | INFO     | accounts.views:form_valid:58 - User 'admin' logged in
2021-10-09 17:00:40.967 | ERROR    | mixins:dispatch:20 - An error Http404('User "placeholder.js" does not exist.') occurred in generic view when accessing the page 'GET /account/profile/placeholder.js'
2021-10-09 17:00:41.241 | ERROR    | mixins:dispatch:20 - An error Http404('User "placeholder.js" does not exist.') occurred in generic view when accessing the page 'GET /account/profile/placeholder.js'
2021-10-09 17:16:34.732 | ERROR    | mixins:dispatch:52 - An error KeyError('slug') occurred in login-required generic view when accessing the page 'GET /delete_video/interesting-videvo/'
2021-10-09 17:30:29.755 | ERROR    | mixins:dispatch:52 - An error ImproperlyConfigured('No URL to redirect to. Provide a success_url.') occurred in login-required generic view when accessing the page 'POST /delete_youtube_video/skoree-vsego-eto-video-dlia-novichkov/'
2021-10-09 17:35:21.374 | ERROR    | mixins:dispatch:20 - An error Http404('User "placeholder.js" does not exist.') occurred in generic view when accessing the page 'GET /account/profile/placeholder.js'
2021-10-09 17:35:21.642 | ERROR    | mixins:dispatch:20 - An error Http404('User "placeholder.js" does not exist.') occurred in generic view when accessing the page 'GET /account/profile/placeholder.js'
2021-10-09 17:35:52.981 | ERROR    | mixins:dispatch:20 - An error Http404('User "placeholder.js" does not exist.') occurred in generic view when accessing the page 'GET /account/profile/placeholder.js'
2021-10-09 17:35:53.267 | ERROR    | mixins:dispatch:20 - An error Http404('User "placeholder.js" does not exist.') occurred in generic view when accessing the page 'GET /account/profile/placeholder.js'
2021-10-09 17:36:08.747 | ERROR    | mixins:dispatch:20 - An error Http404('User "placeholder.js" does not exist.') occurred in generic view when accessing the page 'GET /account/profile/placeholder.js'
2021-10-09 17:36:09.046 | ERROR    | mixins:dispatch:20 - An error Http404('User "placeholder.js" does not exist.') occurred in generic view when accessing the page 'GET /account/profile/placeholder.js'
2021-10-09 17:36:12.926 | ERROR    | mixins:dispatch:20 - An error Http404('User "placeholder.js" does not exist.') occurred in generic view when accessing the page 'GET /account/profile/placeholder.js'
2021-10-09 17:36:13.202 | ERROR    | mixins:dispatch:20 - An error Http404('User "placeholder.js" does not exist.') occurred in generic view when accessing the page 'GET /account/profile/placeholder.js'
2021-10-09 17:40:42.015 | ERROR    | mixins:dispatch:20 - An error Http404('User "placeholder.js" does not exist.') occurred in generic view when accessing the page 'GET /account/profile/placeholder.js'
2021-10-09 17:40:42.397 | ERROR    | mixins:dispatch:20 - An error Http404('User "placeholder.js" does not exist.') occurred in generic view when accessing the page 'GET /account/profile/placeholder.js'
2021-10-09 17:41:09.957 | ERROR    | mixins:dispatch:52 - An error NameError("name 'gdhfhghf' is not defined") occurred in login-required generic view when accessing the page 'GET /delete_video/html-in-30-minutes-from-professional/'
2021-10-09 17:41:30.765 | ERROR    | mixins:dispatch:20 - An error Http404('User "placeholder.js" does not exist.') occurred in generic view when accessing the page 'GET /account/profile/placeholder.js'
2021-10-09 17:41:31.051 | ERROR    | mixins:dispatch:20 - An error Http404('User "placeholder.js" does not exist.') occurred in generic view when accessing the page 'GET /account/profile/placeholder.js'
2021-10-09 17:41:42.090 | ERROR    | mixins:dispatch:20 - An error Http404('User "placeholder.js" does not exist.') occurred in generic view when accessing the page 'GET /account/profile/placeholder.js'
2021-10-09 17:41:42.367 | ERROR    | mixins:dispatch:20 - An error Http404('User "placeholder.js" does not exist.') occurred in generic view when accessing the page 'GET /account/profile/placeholder.js'
